ERROR - 2017-05-05 06:58:04 - exception 'ErrorException' with message 'Undefined index: _memcached' in C:\wamp64\www\kinguin_Tasks\App\Controllers\LoginController\LoginController.php:18
Stack trace:
#0 C:\wamp64\www\kinguin_Tasks\App\Controllers\LoginController\LoginController.php(18): Yee\Yee::handleErrors(8, 'Undefined index...', 'C:\\wamp64\\www\\k...', 18, Array)
#1 [internal function]: LoginController->indexAction()
#2 C:\wamp64\www\kinguin_Tasks\vendor\yeephp\yeephp\Yee\Managers\Controller\Controller.php(22): call_user_func_array(Array, Array)
#3 [internal function]: Yee\Managers\Controller\Controller::__callStatic('___indexAction', Array)
#4 [internal function]: LoginController::___indexAction()
#5 C:\wamp64\www\kinguin_Tasks\vendor\yeephp\yeephp\Yee\Route.php(462): call_user_func_array('LoginController...', Array)
#6 C:\wamp64\www\kinguin_Tasks\vendor\yeephp\yeephp\Yee\Yee.php(1333): Yee\Route->dispatch()
#7 C:\wamp64\www\kinguin_Tasks\vendor\yeephp\yeephp\Yee\Middleware\Flash.php(85): Yee\Yee->call()
#8 C:\wamp64\www\kinguin_Tasks\vendor\yeephp\yeephp\Yee\Middleware\MethodOverride.php(92): Yee\Middleware\Flash->call()
#9 C:\wamp64\www\kinguin_Tasks\App\MiddleWare\RequestsPerSecondMiddleWare.php(25): Yee\Middleware\MethodOverride->call()
#10 C:\wamp64\www\kinguin_Tasks\App\MiddleWare\RequestsPerSecondMiddleWare.php(10): App\MiddleWare\RequestsPerSecondMiddleWare->checkRequestsPerSecond()
#11 C:\wamp64\www\kinguin_Tasks\vendor\yeephp\yeephp\Yee\Yee.php(1278): App\MiddleWare\RequestsPerSecondMiddleWare->call()
#12 C:\wamp64\www\kinguin_Tasks\public\index.php(39): Yee\Yee->execute()
#13 {main}
ERROR - 2017-05-05 06:58:10 - exception 'ErrorException' with message 'Undefined index: _memcached' in C:\wamp64\www\kinguin_Tasks\App\Controllers\LoginController\LoginController.php:18
Stack trace:
#0 C:\wamp64\www\kinguin_Tasks\App\Controllers\LoginController\LoginController.php(18): Yee\Yee::handleErrors(8, 'Undefined index...', 'C:\\wamp64\\www\\k...', 18, Array)
#1 [internal function]: LoginController->indexAction()
#2 C:\wamp64\www\kinguin_Tasks\vendor\yeephp\yeephp\Yee\Managers\Controller\Controller.php(22): call_user_func_array(Array, Array)
#3 [internal function]: Yee\Managers\Controller\Controller::__callStatic('___indexAction', Array)
#4 [internal function]: LoginController::___indexAction()
#5 C:\wamp64\www\kinguin_Tasks\vendor\yeephp\yeephp\Yee\Route.php(462): call_user_func_array('LoginController...', Array)
#6 C:\wamp64\www\kinguin_Tasks\vendor\yeephp\yeephp\Yee\Yee.php(1333): Yee\Route->dispatch()
#7 C:\wamp64\www\kinguin_Tasks\vendor\yeephp\yeephp\Yee\Middleware\Flash.php(85): Yee\Yee->call()
#8 C:\wamp64\www\kinguin_Tasks\vendor\yeephp\yeephp\Yee\Middleware\MethodOverride.php(92): Yee\Middleware\Flash->call()
#9 C:\wamp64\www\kinguin_Tasks\App\MiddleWare\RequestsPerSecondMiddleWare.php(25): Yee\Middleware\MethodOverride->call()
#10 C:\wamp64\www\kinguin_Tasks\App\MiddleWare\RequestsPerSecondMiddleWare.php(10): App\MiddleWare\RequestsPerSecondMiddleWare->checkRequestsPerSecond()
#11 C:\wamp64\www\kinguin_Tasks\vendor\yeephp\yeephp\Yee\Yee.php(1278): App\MiddleWare\RequestsPerSecondMiddleWare->call()
#12 C:\wamp64\www\kinguin_Tasks\public\index.php(39): Yee\Yee->execute()
#13 {main}
ERROR - 2017-05-05 06:58:16 - exception 'ErrorException' with message 'Undefined index: _memcached' in C:\wamp64\www\kinguin_Tasks\App\Controllers\LoginController\LoginController.php:18
Stack trace:
#0 C:\wamp64\www\kinguin_Tasks\App\Controllers\LoginController\LoginController.php(18): Yee\Yee::handleErrors(8, 'Undefined index...', 'C:\\wamp64\\www\\k...', 18, Array)
#1 [internal function]: LoginController->indexAction()
#2 C:\wamp64\www\kinguin_Tasks\vendor\yeephp\yeephp\Yee\Managers\Controller\Controller.php(22): call_user_func_array(Array, Array)
#3 [internal function]: Yee\Managers\Controller\Controller::__callStatic('___indexAction', Array)
#4 [internal function]: LoginController::___indexAction()
#5 C:\wamp64\www\kinguin_Tasks\vendor\yeephp\yeephp\Yee\Route.php(462): call_user_func_array('LoginController...', Array)
#6 C:\wamp64\www\kinguin_Tasks\vendor\yeephp\yeephp\Yee\Yee.php(1333): Yee\Route->dispatch()
#7 C:\wamp64\www\kinguin_Tasks\vendor\yeephp\yeephp\Yee\Middleware\Flash.php(85): Yee\Yee->call()
#8 C:\wamp64\www\kinguin_Tasks\vendor\yeephp\yeephp\Yee\Middleware\MethodOverride.php(92): Yee\Middleware\Flash->call()
#9 C:\wamp64\www\kinguin_Tasks\App\MiddleWare\RequestsPerSecondMiddleWare.php(25): Yee\Middleware\MethodOverride->call()
#10 C:\wamp64\www\kinguin_Tasks\App\MiddleWare\RequestsPerSecondMiddleWare.php(10): App\MiddleWare\RequestsPerSecondMiddleWare->checkRequestsPerSecond()
#11 C:\wamp64\www\kinguin_Tasks\vendor\yeephp\yeephp\Yee\Yee.php(1278): App\MiddleWare\RequestsPerSecondMiddleWare->call()
#12 C:\wamp64\www\kinguin_Tasks\public\index.php(39): Yee\Yee->execute()
#13 {main}
ERROR - 2017-05-05 06:58:50 - exception 'ErrorException' with message 'Undefined index: \Memcached' in C:\wamp64\www\kinguin_Tasks\App\Controllers\LoginController\LoginController.php:18
Stack trace:
#0 C:\wamp64\www\kinguin_Tasks\App\Controllers\LoginController\LoginController.php(18): Yee\Yee::handleErrors(8, 'Undefined index...', 'C:\\wamp64\\www\\k...', 18, Array)
#1 [internal function]: LoginController->indexAction()
#2 C:\wamp64\www\kinguin_Tasks\vendor\yeephp\yeephp\Yee\Managers\Controller\Controller.php(22): call_user_func_array(Array, Array)
#3 [internal function]: Yee\Managers\Controller\Controller::__callStatic('___indexAction', Array)
#4 [internal function]: LoginController::___indexAction()
#5 C:\wamp64\www\kinguin_Tasks\vendor\yeephp\yeephp\Yee\Route.php(462): call_user_func_array('LoginController...', Array)
#6 C:\wamp64\www\kinguin_Tasks\vendor\yeephp\yeephp\Yee\Yee.php(1333): Yee\Route->dispatch()
#7 C:\wamp64\www\kinguin_Tasks\vendor\yeephp\yeephp\Yee\Middleware\Flash.php(85): Yee\Yee->call()
#8 C:\wamp64\www\kinguin_Tasks\vendor\yeephp\yeephp\Yee\Middleware\MethodOverride.php(92): Yee\Middleware\Flash->call()
#9 C:\wamp64\www\kinguin_Tasks\App\MiddleWare\RequestsPerSecondMiddleWare.php(25): Yee\Middleware\MethodOverride->call()
#10 C:\wamp64\www\kinguin_Tasks\App\MiddleWare\RequestsPerSecondMiddleWare.php(10): App\MiddleWare\RequestsPerSecondMiddleWare->checkRequestsPerSecond()
#11 C:\wamp64\www\kinguin_Tasks\vendor\yeephp\yeephp\Yee\Yee.php(1278): App\MiddleWare\RequestsPerSecondMiddleWare->call()
#12 C:\wamp64\www\kinguin_Tasks\public\index.php(39): Yee\Yee->execute()
#13 {main}
ERROR - 2017-05-05 06:58:51 - exception 'ErrorException' with message 'Undefined index: \Memcached' in C:\wamp64\www\kinguin_Tasks\App\Controllers\LoginController\LoginController.php:18
Stack trace:
#0 C:\wamp64\www\kinguin_Tasks\App\Controllers\LoginController\LoginController.php(18): Yee\Yee::handleErrors(8, 'Undefined index...', 'C:\\wamp64\\www\\k...', 18, Array)
#1 [internal function]: LoginController->indexAction()
#2 C:\wamp64\www\kinguin_Tasks\vendor\yeephp\yeephp\Yee\Managers\Controller\Controller.php(22): call_user_func_array(Array, Array)
#3 [internal function]: Yee\Managers\Controller\Controller::__callStatic('___indexAction', Array)
#4 [internal function]: LoginController::___indexAction()
#5 C:\wamp64\www\kinguin_Tasks\vendor\yeephp\yeephp\Yee\Route.php(462): call_user_func_array('LoginController...', Array)
#6 C:\wamp64\www\kinguin_Tasks\vendor\yeephp\yeephp\Yee\Yee.php(1333): Yee\Route->dispatch()
#7 C:\wamp64\www\kinguin_Tasks\vendor\yeephp\yeephp\Yee\Middleware\Flash.php(85): Yee\Yee->call()
#8 C:\wamp64\www\kinguin_Tasks\vendor\yeephp\yeephp\Yee\Middleware\MethodOverride.php(92): Yee\Middleware\Flash->call()
#9 C:\wamp64\www\kinguin_Tasks\App\MiddleWare\RequestsPerSecondMiddleWare.php(25): Yee\Middleware\MethodOverride->call()
#10 C:\wamp64\www\kinguin_Tasks\App\MiddleWare\RequestsPerSecondMiddleWare.php(10): App\MiddleWare\RequestsPerSecondMiddleWare->checkRequestsPerSecond()
#11 C:\wamp64\www\kinguin_Tasks\vendor\yeephp\yeephp\Yee\Yee.php(1278): App\MiddleWare\RequestsPerSecondMiddleWare->call()
#12 C:\wamp64\www\kinguin_Tasks\public\index.php(39): Yee\Yee->execute()
#13 {main}
ERROR - 2017-05-05 07:03:49 - ErrorException: Undefined index: memcache in C:\wamp64\www\kinguin_Tasks\App\Controllers\LoginController\LoginController.php:18
Stack trace:
#0 C:\wamp64\www\kinguin_Tasks\App\Controllers\LoginController\LoginController.php(18): Yee\Yee::handleErrors(8, 'Undefined index...', 'C:\\wamp64\\www\\k...', 18, Array)
#1 [internal function]: LoginController->indexAction()
#2 C:\wamp64\www\kinguin_Tasks\vendor\yeephp\yeephp\Yee\Managers\Controller\Controller.php(22): call_user_func_array(Array, Array)
#3 [internal function]: Yee\Managers\Controller\Controller::__callStatic('indexAction', Array)
#4 C:\wamp64\www\kinguin_Tasks\vendor\yeephp\yeephp\Yee\Route.php(462): call_user_func_array('LoginController...', Array)
#5 C:\wamp64\www\kinguin_Tasks\vendor\yeephp\yeephp\Yee\Yee.php(1333): Yee\Route->dispatch()
#6 C:\wamp64\www\kinguin_Tasks\vendor\yeephp\yeephp\Yee\Middleware\Flash.php(85): Yee\Yee->call()
#7 C:\wamp64\www\kinguin_Tasks\vendor\yeephp\yeephp\Yee\Middleware\MethodOverride.php(92): Yee\Middleware\Flash->call()
#8 C:\wamp64\www\kinguin_Tasks\App\MiddleWare\RequestsPerSecondMiddleWare.php(25): Yee\Middleware\MethodOverride->call()
#9 C:\wamp64\www\kinguin_Tasks\App\MiddleWare\RequestsPerSecondMiddleWare.php(10): App\MiddleWare\RequestsPerSecondMiddleWare->checkRequestsPerSecond()
#10 C:\wamp64\www\kinguin_Tasks\vendor\yeephp\yeephp\Yee\Yee.php(1278): App\MiddleWare\RequestsPerSecondMiddleWare->call()
#11 C:\wamp64\www\kinguin_Tasks\public\index.php(39): Yee\Yee->execute()
#12 {main}
ERROR - 2017-05-05 07:10:55 - ErrorException: Undefined variable: isMemcacheAvailable in C:\wamp64\www\kinguin_Tasks\App\Controllers\LoginController\LoginController.php:49
Stack trace:
#0 C:\wamp64\www\kinguin_Tasks\App\Controllers\LoginController\LoginController.php(49): Yee\Yee::handleErrors(8, 'Undefined varia...', 'C:\\wamp64\\www\\k...', 49, Array)
#1 [internal function]: LoginController->indexAction()
#2 C:\wamp64\www\kinguin_Tasks\vendor\yeephp\yeephp\Yee\Managers\Controller\Controller.php(22): call_user_func_array(Array, Array)
#3 [internal function]: Yee\Managers\Controller\Controller::__callStatic('indexAction', Array)
#4 C:\wamp64\www\kinguin_Tasks\vendor\yeephp\yeephp\Yee\Route.php(462): call_user_func_array('LoginController...', Array)
#5 C:\wamp64\www\kinguin_Tasks\vendor\yeephp\yeephp\Yee\Yee.php(1333): Yee\Route->dispatch()
#6 C:\wamp64\www\kinguin_Tasks\vendor\yeephp\yeephp\Yee\Middleware\Flash.php(85): Yee\Yee->call()
#7 C:\wamp64\www\kinguin_Tasks\vendor\yeephp\yeephp\Yee\Middleware\MethodOverride.php(92): Yee\Middleware\Flash->call()
#8 C:\wamp64\www\kinguin_Tasks\App\MiddleWare\RequestsPerSecondMiddleWare.php(25): Yee\Middleware\MethodOverride->call()
#9 C:\wamp64\www\kinguin_Tasks\App\MiddleWare\RequestsPerSecondMiddleWare.php(10): App\MiddleWare\RequestsPerSecondMiddleWare->checkRequestsPerSecond()
#10 C:\wamp64\www\kinguin_Tasks\vendor\yeephp\yeephp\Yee\Yee.php(1278): App\MiddleWare\RequestsPerSecondMiddleWare->call()
#11 C:\wamp64\www\kinguin_Tasks\public\index.php(39): Yee\Yee->execute()
#12 {main}
ERROR - 2017-05-05 07:10:57 - ErrorException: Undefined variable: isMemcacheAvailable in C:\wamp64\www\kinguin_Tasks\App\Controllers\LoginController\LoginController.php:49
Stack trace:
#0 C:\wamp64\www\kinguin_Tasks\App\Controllers\LoginController\LoginController.php(49): Yee\Yee::handleErrors(8, 'Undefined varia...', 'C:\\wamp64\\www\\k...', 49, Array)
#1 [internal function]: LoginController->indexAction()
#2 C:\wamp64\www\kinguin_Tasks\vendor\yeephp\yeephp\Yee\Managers\Controller\Controller.php(22): call_user_func_array(Array, Array)
#3 [internal function]: Yee\Managers\Controller\Controller::__callStatic('indexAction', Array)
#4 C:\wamp64\www\kinguin_Tasks\vendor\yeephp\yeephp\Yee\Route.php(462): call_user_func_array('LoginController...', Array)
#5 C:\wamp64\www\kinguin_Tasks\vendor\yeephp\yeephp\Yee\Yee.php(1333): Yee\Route->dispatch()
#6 C:\wamp64\www\kinguin_Tasks\vendor\yeephp\yeephp\Yee\Middleware\Flash.php(85): Yee\Yee->call()
#7 C:\wamp64\www\kinguin_Tasks\vendor\yeephp\yeephp\Yee\Middleware\MethodOverride.php(92): Yee\Middleware\Flash->call()
#8 C:\wamp64\www\kinguin_Tasks\App\MiddleWare\RequestsPerSecondMiddleWare.php(25): Yee\Middleware\MethodOverride->call()
#9 C:\wamp64\www\kinguin_Tasks\App\MiddleWare\RequestsPerSecondMiddleWare.php(10): App\MiddleWare\RequestsPerSecondMiddleWare->checkRequestsPerSecond()
#10 C:\wamp64\www\kinguin_Tasks\vendor\yeephp\yeephp\Yee\Yee.php(1278): App\MiddleWare\RequestsPerSecondMiddleWare->call()
#11 C:\wamp64\www\kinguin_Tasks\public\index.php(39): Yee\Yee->execute()
#12 {main}
ERROR - 2017-05-05 08:49:14 - ErrorException: Undefined index: memcache in C:\wamp64\www\kinguin_Tasks\App\Controllers\LoginController\LoginController.php:19
Stack trace:
#0 C:\wamp64\www\kinguin_Tasks\App\Controllers\LoginController\LoginController.php(19): Yee\Yee::handleErrors(8, 'Undefined index...', 'C:\\wamp64\\www\\k...', 19, Array)
#1 [internal function]: LoginController->indexAction()
#2 C:\wamp64\www\kinguin_Tasks\vendor\yeephp\yeephp\Yee\Managers\Controller\Controller.php(22): call_user_func_array(Array, Array)
#3 [internal function]: Yee\Managers\Controller\Controller::__callStatic('indexAction', Array)
#4 C:\wamp64\www\kinguin_Tasks\vendor\yeephp\yeephp\Yee\Route.php(462): call_user_func_array('LoginController...', Array)
#5 C:\wamp64\www\kinguin_Tasks\vendor\yeephp\yeephp\Yee\Yee.php(1333): Yee\Route->dispatch()
#6 C:\wamp64\www\kinguin_Tasks\vendor\yeephp\yeephp\Yee\Middleware\Flash.php(85): Yee\Yee->call()
#7 C:\wamp64\www\kinguin_Tasks\vendor\yeephp\yeephp\Yee\Middleware\MethodOverride.php(92): Yee\Middleware\Flash->call()
#8 C:\wamp64\www\kinguin_Tasks\App\MiddleWare\RequestsPerSecondMiddleWare.php(25): Yee\Middleware\MethodOverride->call()
#9 C:\wamp64\www\kinguin_Tasks\App\MiddleWare\RequestsPerSecondMiddleWare.php(10): App\MiddleWare\RequestsPerSecondMiddleWare->checkRequestsPerSecond()
#10 C:\wamp64\www\kinguin_Tasks\vendor\yeephp\yeephp\Yee\Yee.php(1278): App\MiddleWare\RequestsPerSecondMiddleWare->call()
#11 C:\wamp64\www\kinguin_Tasks\public\index.php(39): Yee\Yee->execute()
#12 {main}
ERROR - 2017-05-05 08:50:19 - ErrorException: Undefined index: memcache in C:\wamp64\www\kinguin_Tasks\App\Controllers\LoginController\LoginController.php:19
Stack trace:
#0 C:\wamp64\www\kinguin_Tasks\App\Controllers\LoginController\LoginController.php(19): Yee\Yee::handleErrors(8, 'Undefined index...', 'C:\\wamp64\\www\\k...', 19, Array)
#1 [internal function]: LoginController->indexAction()
#2 C:\wamp64\www\kinguin_Tasks\vendor\yeephp\yeephp\Yee\Managers\Controller\Controller.php(22): call_user_func_array(Array, Array)
#3 [internal function]: Yee\Managers\Controller\Controller::__callStatic('indexAction', Array)
#4 C:\wamp64\www\kinguin_Tasks\vendor\yeephp\yeephp\Yee\Route.php(462): call_user_func_array('LoginController...', Array)
#5 C:\wamp64\www\kinguin_Tasks\vendor\yeephp\yeephp\Yee\Yee.php(1333): Yee\Route->dispatch()
#6 C:\wamp64\www\kinguin_Tasks\vendor\yeephp\yeephp\Yee\Middleware\Flash.php(85): Yee\Yee->call()
#7 C:\wamp64\www\kinguin_Tasks\vendor\yeephp\yeephp\Yee\Middleware\MethodOverride.php(92): Yee\Middleware\Flash->call()
#8 C:\wamp64\www\kinguin_Tasks\App\MiddleWare\RequestsPerSecondMiddleWare.php(25): Yee\Middleware\MethodOverride->call()
#9 C:\wamp64\www\kinguin_Tasks\App\MiddleWare\RequestsPerSecondMiddleWare.php(10): App\MiddleWare\RequestsPerSecondMiddleWare->checkRequestsPerSecond()
#10 C:\wamp64\www\kinguin_Tasks\vendor\yeephp\yeephp\Yee\Yee.php(1278): App\MiddleWare\RequestsPerSecondMiddleWare->call()
#11 C:\wamp64\www\kinguin_Tasks\public\index.php(39): Yee\Yee->execute()
#12 {main}
ERROR - 2017-05-05 08:50:31 - ErrorException: Undefined index: memcache in C:\wamp64\www\kinguin_Tasks\App\Controllers\LoginController\LoginController.php:19
Stack trace:
#0 C:\wamp64\www\kinguin_Tasks\App\Controllers\LoginController\LoginController.php(19): Yee\Yee::handleErrors(8, 'Undefined index...', 'C:\\wamp64\\www\\k...', 19, Array)
#1 [internal function]: LoginController->indexAction()
#2 C:\wamp64\www\kinguin_Tasks\vendor\yeephp\yeephp\Yee\Managers\Controller\Controller.php(22): call_user_func_array(Array, Array)
#3 [internal function]: Yee\Managers\Controller\Controller::__callStatic('indexAction', Array)
#4 C:\wamp64\www\kinguin_Tasks\vendor\yeephp\yeephp\Yee\Route.php(462): call_user_func_array('LoginController...', Array)
#5 C:\wamp64\www\kinguin_Tasks\vendor\yeephp\yeephp\Yee\Yee.php(1333): Yee\Route->dispatch()
#6 C:\wamp64\www\kinguin_Tasks\vendor\yeephp\yeephp\Yee\Middleware\Flash.php(85): Yee\Yee->call()
#7 C:\wamp64\www\kinguin_Tasks\vendor\yeephp\yeephp\Yee\Middleware\MethodOverride.php(92): Yee\Middleware\Flash->call()
#8 C:\wamp64\www\kinguin_Tasks\App\MiddleWare\RequestsPerSecondMiddleWare.php(25): Yee\Middleware\MethodOverride->call()
#9 C:\wamp64\www\kinguin_Tasks\App\MiddleWare\RequestsPerSecondMiddleWare.php(10): App\MiddleWare\RequestsPerSecondMiddleWare->checkRequestsPerSecond()
#10 C:\wamp64\www\kinguin_Tasks\vendor\yeephp\yeephp\Yee\Yee.php(1278): App\MiddleWare\RequestsPerSecondMiddleWare->call()
#11 C:\wamp64\www\kinguin_Tasks\public\index.php(39): Yee\Yee->execute()
#12 {main}
ERROR - 2017-05-05 08:50:33 - ErrorException: Undefined index: memcache in C:\wamp64\www\kinguin_Tasks\App\Controllers\LoginController\LoginController.php:19
Stack trace:
#0 C:\wamp64\www\kinguin_Tasks\App\Controllers\LoginController\LoginController.php(19): Yee\Yee::handleErrors(8, 'Undefined index...', 'C:\\wamp64\\www\\k...', 19, Array)
#1 [internal function]: LoginController->indexAction()
#2 C:\wamp64\www\kinguin_Tasks\vendor\yeephp\yeephp\Yee\Managers\Controller\Controller.php(22): call_user_func_array(Array, Array)
#3 [internal function]: Yee\Managers\Controller\Controller::__callStatic('indexAction', Array)
#4 C:\wamp64\www\kinguin_Tasks\vendor\yeephp\yeephp\Yee\Route.php(462): call_user_func_array('LoginController...', Array)
#5 C:\wamp64\www\kinguin_Tasks\vendor\yeephp\yeephp\Yee\Yee.php(1333): Yee\Route->dispatch()
#6 C:\wamp64\www\kinguin_Tasks\vendor\yeephp\yeephp\Yee\Middleware\Flash.php(85): Yee\Yee->call()
#7 C:\wamp64\www\kinguin_Tasks\vendor\yeephp\yeephp\Yee\Middleware\MethodOverride.php(92): Yee\Middleware\Flash->call()
#8 C:\wamp64\www\kinguin_Tasks\App\MiddleWare\RequestsPerSecondMiddleWare.php(25): Yee\Middleware\MethodOverride->call()
#9 C:\wamp64\www\kinguin_Tasks\App\MiddleWare\RequestsPerSecondMiddleWare.php(10): App\MiddleWare\RequestsPerSecondMiddleWare->checkRequestsPerSecond()
#10 C:\wamp64\www\kinguin_Tasks\vendor\yeephp\yeephp\Yee\Yee.php(1278): App\MiddleWare\RequestsPerSecondMiddleWare->call()
#11 C:\wamp64\www\kinguin_Tasks\public\index.php(39): Yee\Yee->execute()
#12 {main}
ERROR - 2017-05-05 08:51:27 - ErrorException: Undefined index: memcache in C:\wamp64\www\kinguin_Tasks\App\Controllers\LoginController\LoginController.php:19
Stack trace:
#0 C:\wamp64\www\kinguin_Tasks\App\Controllers\LoginController\LoginController.php(19): Yee\Yee::handleErrors(8, 'Undefined index...', 'C:\\wamp64\\www\\k...', 19, Array)
#1 [internal function]: LoginController->indexAction()
#2 C:\wamp64\www\kinguin_Tasks\vendor\yeephp\yeephp\Yee\Managers\Controller\Controller.php(22): call_user_func_array(Array, Array)
#3 [internal function]: Yee\Managers\Controller\Controller::__callStatic('indexAction', Array)
#4 C:\wamp64\www\kinguin_Tasks\vendor\yeephp\yeephp\Yee\Route.php(462): call_user_func_array('LoginController...', Array)
#5 C:\wamp64\www\kinguin_Tasks\vendor\yeephp\yeephp\Yee\Yee.php(1333): Yee\Route->dispatch()
#6 C:\wamp64\www\kinguin_Tasks\vendor\yeephp\yeephp\Yee\Middleware\Flash.php(85): Yee\Yee->call()
#7 C:\wamp64\www\kinguin_Tasks\vendor\yeephp\yeephp\Yee\Middleware\MethodOverride.php(92): Yee\Middleware\Flash->call()
#8 C:\wamp64\www\kinguin_Tasks\App\MiddleWare\RequestsPerSecondMiddleWare.php(25): Yee\Middleware\MethodOverride->call()
#9 C:\wamp64\www\kinguin_Tasks\App\MiddleWare\RequestsPerSecondMiddleWare.php(10): App\MiddleWare\RequestsPerSecondMiddleWare->checkRequestsPerSecond()
#10 C:\wamp64\www\kinguin_Tasks\vendor\yeephp\yeephp\Yee\Yee.php(1278): App\MiddleWare\RequestsPerSecondMiddleWare->call()
#11 C:\wamp64\www\kinguin_Tasks\public\index.php(39): Yee\Yee->execute()
#12 {main}
ERROR - 2017-05-05 08:51:29 - ErrorException: Undefined index: memcache in C:\wamp64\www\kinguin_Tasks\App\Controllers\LoginController\LoginController.php:19
Stack trace:
#0 C:\wamp64\www\kinguin_Tasks\App\Controllers\LoginController\LoginController.php(19): Yee\Yee::handleErrors(8, 'Undefined index...', 'C:\\wamp64\\www\\k...', 19, Array)
#1 [internal function]: LoginController->indexAction()
#2 C:\wamp64\www\kinguin_Tasks\vendor\yeephp\yeephp\Yee\Managers\Controller\Controller.php(22): call_user_func_array(Array, Array)
#3 [internal function]: Yee\Managers\Controller\Controller::__callStatic('indexAction', Array)
#4 C:\wamp64\www\kinguin_Tasks\vendor\yeephp\yeephp\Yee\Route.php(462): call_user_func_array('LoginController...', Array)
#5 C:\wamp64\www\kinguin_Tasks\vendor\yeephp\yeephp\Yee\Yee.php(1333): Yee\Route->dispatch()
#6 C:\wamp64\www\kinguin_Tasks\vendor\yeephp\yeephp\Yee\Middleware\Flash.php(85): Yee\Yee->call()
#7 C:\wamp64\www\kinguin_Tasks\vendor\yeephp\yeephp\Yee\Middleware\MethodOverride.php(92): Yee\Middleware\Flash->call()
#8 C:\wamp64\www\kinguin_Tasks\App\MiddleWare\RequestsPerSecondMiddleWare.php(25): Yee\Middleware\MethodOverride->call()
#9 C:\wamp64\www\kinguin_Tasks\App\MiddleWare\RequestsPerSecondMiddleWare.php(10): App\MiddleWare\RequestsPerSecondMiddleWare->checkRequestsPerSecond()
#10 C:\wamp64\www\kinguin_Tasks\vendor\yeephp\yeephp\Yee\Yee.php(1278): App\MiddleWare\RequestsPerSecondMiddleWare->call()
#11 C:\wamp64\www\kinguin_Tasks\public\index.php(39): Yee\Yee->execute()
#12 {main}
ERROR - 2017-05-05 08:53:30 - ErrorException: Undefined index: memcache in C:\wamp64\www\kinguin_Tasks\App\Controllers\LoginController\LoginController.php:19
Stack trace:
#0 C:\wamp64\www\kinguin_Tasks\App\Controllers\LoginController\LoginController.php(19): Yee\Yee::handleErrors(8, 'Undefined index...', 'C:\\wamp64\\www\\k...', 19, Array)
#1 [internal function]: LoginController->indexAction()
#2 C:\wamp64\www\kinguin_Tasks\vendor\yeephp\yeephp\Yee\Managers\Controller\Controller.php(22): call_user_func_array(Array, Array)
#3 [internal function]: Yee\Managers\Controller\Controller::__callStatic('indexAction', Array)
#4 C:\wamp64\www\kinguin_Tasks\vendor\yeephp\yeephp\Yee\Route.php(462): call_user_func_array('LoginController...', Array)
#5 C:\wamp64\www\kinguin_Tasks\vendor\yeephp\yeephp\Yee\Yee.php(1333): Yee\Route->dispatch()
#6 C:\wamp64\www\kinguin_Tasks\vendor\yeephp\yeephp\Yee\Middleware\Flash.php(85): Yee\Yee->call()
#7 C:\wamp64\www\kinguin_Tasks\vendor\yeephp\yeephp\Yee\Middleware\MethodOverride.php(92): Yee\Middleware\Flash->call()
#8 C:\wamp64\www\kinguin_Tasks\App\MiddleWare\RequestsPerSecondMiddleWare.php(25): Yee\Middleware\MethodOverride->call()
#9 C:\wamp64\www\kinguin_Tasks\App\MiddleWare\RequestsPerSecondMiddleWare.php(10): App\MiddleWare\RequestsPerSecondMiddleWare->checkRequestsPerSecond()
#10 C:\wamp64\www\kinguin_Tasks\vendor\yeephp\yeephp\Yee\Yee.php(1278): App\MiddleWare\RequestsPerSecondMiddleWare->call()
#11 C:\wamp64\www\kinguin_Tasks\public\index.php(39): Yee\Yee->execute()
#12 {main}
ERROR - 2017-05-05 08:53:35 - ErrorException: Undefined index: memcache in C:\wamp64\www\kinguin_Tasks\App\Controllers\LoginController\LoginController.php:19
Stack trace:
#0 C:\wamp64\www\kinguin_Tasks\App\Controllers\LoginController\LoginController.php(19): Yee\Yee::handleErrors(8, 'Undefined index...', 'C:\\wamp64\\www\\k...', 19, Array)
#1 [internal function]: LoginController->indexAction()
#2 C:\wamp64\www\kinguin_Tasks\vendor\yeephp\yeephp\Yee\Managers\Controller\Controller.php(22): call_user_func_array(Array, Array)
#3 [internal function]: Yee\Managers\Controller\Controller::__callStatic('indexAction', Array)
#4 C:\wamp64\www\kinguin_Tasks\vendor\yeephp\yeephp\Yee\Route.php(462): call_user_func_array('LoginController...', Array)
#5 C:\wamp64\www\kinguin_Tasks\vendor\yeephp\yeephp\Yee\Yee.php(1333): Yee\Route->dispatch()
#6 C:\wamp64\www\kinguin_Tasks\vendor\yeephp\yeephp\Yee\Middleware\Flash.php(85): Yee\Yee->call()
#7 C:\wamp64\www\kinguin_Tasks\vendor\yeephp\yeephp\Yee\Middleware\MethodOverride.php(92): Yee\Middleware\Flash->call()
#8 C:\wamp64\www\kinguin_Tasks\App\MiddleWare\RequestsPerSecondMiddleWare.php(25): Yee\Middleware\MethodOverride->call()
#9 C:\wamp64\www\kinguin_Tasks\App\MiddleWare\RequestsPerSecondMiddleWare.php(10): App\MiddleWare\RequestsPerSecondMiddleWare->checkRequestsPerSecond()
#10 C:\wamp64\www\kinguin_Tasks\vendor\yeephp\yeephp\Yee\Yee.php(1278): App\MiddleWare\RequestsPerSecondMiddleWare->call()
#11 C:\wamp64\www\kinguin_Tasks\public\index.php(39): Yee\Yee->execute()
#12 {main}
ERROR - 2017-05-05 09:26:03 - ErrorException: MemcachePool::set(): No servers added to memcache connection in C:\wamp64\www\kinguin_Tasks\vendor\yeephp\yeephp\Yee\Libraries\Connectors\MemcachedConnector.php:48
Stack trace:
#0 [internal function]: Yee\Yee::handleErrors(2, 'MemcachePool::s...', 'C:\\wamp64\\www\\k...', 48, Array)
#1 C:\wamp64\www\kinguin_Tasks\vendor\yeephp\yeephp\Yee\Libraries\Connectors\MemcachedConnector.php(48): MemcachePool->set('test', 'test')
#2 C:\wamp64\www\kinguin_Tasks\vendor\yeephp\yeephp\Yee\Libraries\Connectors\MemcachedConnector.php(102): Yee\Libraries\Connectors\MemcachedConnector->connect()
#3 C:\wamp64\www\kinguin_Tasks\App\Controllers\LoginController\LoginController.php(18): Yee\Libraries\Connectors\MemcachedConnector->set('space', 'test')
#4 [internal function]: LoginController->indexAction()
#5 C:\wamp64\www\kinguin_Tasks\vendor\yeephp\yeephp\Yee\Managers\Controller\Controller.php(22): call_user_func_array(Array, Array)
#6 [internal function]: Yee\Managers\Controller\Controller::__callStatic('indexAction', Array)
#7 C:\wamp64\www\kinguin_Tasks\vendor\yeephp\yeephp\Yee\Route.php(462): call_user_func_array('LoginController...', Array)
#8 C:\wamp64\www\kinguin_Tasks\vendor\yeephp\yeephp\Yee\Yee.php(1333): Yee\Route->dispatch()
#9 C:\wamp64\www\kinguin_Tasks\vendor\yeephp\yeephp\Yee\Middleware\Flash.php(85): Yee\Yee->call()
#10 C:\wamp64\www\kinguin_Tasks\vendor\yeephp\yeephp\Yee\Middleware\MethodOverride.php(92): Yee\Middleware\Flash->call()
#11 C:\wamp64\www\kinguin_Tasks\App\MiddleWare\RequestsPerSecondMiddleWare.php(25): Yee\Middleware\MethodOverride->call()
#12 C:\wamp64\www\kinguin_Tasks\App\MiddleWare\RequestsPerSecondMiddleWare.php(10): App\MiddleWare\RequestsPerSecondMiddleWare->checkRequestsPerSecond()
#13 C:\wamp64\www\kinguin_Tasks\vendor\yeephp\yeephp\Yee\Yee.php(1278): App\MiddleWare\RequestsPerSecondMiddleWare->call()
#14 C:\wamp64\www\kinguin_Tasks\public\index.php(39): Yee\Yee->execute()
#15 {main}
ERROR - 2017-05-05 09:26:32 - ErrorException: MemcachePool::set(): No servers added to memcache connection in C:\wamp64\www\kinguin_Tasks\vendor\yeephp\yeephp\Yee\Libraries\Connectors\MemcachedConnector.php:48
Stack trace:
#0 [internal function]: Yee\Yee::handleErrors(2, 'MemcachePool::s...', 'C:\\wamp64\\www\\k...', 48, Array)
#1 C:\wamp64\www\kinguin_Tasks\vendor\yeephp\yeephp\Yee\Libraries\Connectors\MemcachedConnector.php(48): MemcachePool->set('test', 'test')
#2 C:\wamp64\www\kinguin_Tasks\vendor\yeephp\yeephp\Yee\Libraries\Connectors\MemcachedConnector.php(102): Yee\Libraries\Connectors\MemcachedConnector->connect()
#3 C:\wamp64\www\kinguin_Tasks\App\Controllers\LoginController\LoginController.php(18): Yee\Libraries\Connectors\MemcachedConnector->set('space', 'test')
#4 [internal function]: LoginController->indexAction()
#5 C:\wamp64\www\kinguin_Tasks\vendor\yeephp\yeephp\Yee\Managers\Controller\Controller.php(22): call_user_func_array(Array, Array)
#6 [internal function]: Yee\Managers\Controller\Controller::__callStatic('indexAction', Array)
#7 C:\wamp64\www\kinguin_Tasks\vendor\yeephp\yeephp\Yee\Route.php(462): call_user_func_array('LoginController...', Array)
#8 C:\wamp64\www\kinguin_Tasks\vendor\yeephp\yeephp\Yee\Yee.php(1333): Yee\Route->dispatch()
#9 C:\wamp64\www\kinguin_Tasks\vendor\yeephp\yeephp\Yee\Middleware\Flash.php(85): Yee\Yee->call()
#10 C:\wamp64\www\kinguin_Tasks\vendor\yeephp\yeephp\Yee\Middleware\MethodOverride.php(92): Yee\Middleware\Flash->call()
#11 C:\wamp64\www\kinguin_Tasks\App\MiddleWare\RequestsPerSecondMiddleWare.php(25): Yee\Middleware\MethodOverride->call()
#12 C:\wamp64\www\kinguin_Tasks\App\MiddleWare\RequestsPerSecondMiddleWare.php(10): App\MiddleWare\RequestsPerSecondMiddleWare->checkRequestsPerSecond()
#13 C:\wamp64\www\kinguin_Tasks\vendor\yeephp\yeephp\Yee\Yee.php(1278): App\MiddleWare\RequestsPerSecondMiddleWare->call()
#14 C:\wamp64\www\kinguin_Tasks\public\index.php(39): Yee\Yee->execute()
#15 {main}
