ERROR - 2017-05-15 08:16:28 - ErrorException: Memcache::connect(): Server 10.10.10.140 (tcp 11211, udp 0) failed with: A connection attempt failed because the connected party did not properly respond after a period of time, or established connection failed because connected host has failed to respond.
 (10060) in C:\wamp64\www\kinguin_Tasks\vendor\yeephp\yeephp\Yee\Libraries\Connectors\MemcachedConnector.php:49
Stack trace:
#0 [internal function]: Yee\Yee::handleErrors(8, 'Memcache::conne...', 'C:\\wamp64\\www\\k...', 49, Array)
#1 C:\wamp64\www\kinguin_Tasks\vendor\yeephp\yeephp\Yee\Libraries\Connectors\MemcachedConnector.php(49): Memcache->connect('10.10.10.140', 11211)
#2 C:\wamp64\www\kinguin_Tasks\vendor\yeephp\yeephp\Yee\Libraries\Connectors\MemcachedConnector.php(103): Yee\Libraries\Connectors\MemcachedConnector->connect()
#3 C:\wamp64\www\kinguin_Tasks\App\Controllers\LoginController\LoginController.php(18): Yee\Libraries\Connectors\MemcachedConnector->set('space', 'spaceeee')
#4 [internal function]: LoginController->indexAction()
#5 C:\wamp64\www\kinguin_Tasks\vendor\yeephp\yeephp\Yee\Managers\Controller\Controller.php(22): call_user_func_array(Array, Array)
#6 [internal function]: Yee\Managers\Controller\Controller::__callStatic('indexAction', Array)
#7 C:\wamp64\www\kinguin_Tasks\vendor\yeephp\yeephp\Yee\Route.php(462): call_user_func_array('LoginController...', Array)
#8 C:\wamp64\www\kinguin_Tasks\vendor\yeephp\yeephp\Yee\Yee.php(1333): Yee\Route->dispatch()
#9 C:\wamp64\www\kinguin_Tasks\vendor\yeephp\yeephp\Yee\Middleware\Flash.php(85): Yee\Yee->call()
#10 C:\wamp64\www\kinguin_Tasks\vendor\yeephp\yeephp\Yee\Middleware\MethodOverride.php(92): Yee\Middleware\Flash->call()
#11 C:\wamp64\www\kinguin_Tasks\App\MiddleWare\RequestsPerSecondMiddleWare.php(95): Yee\Middleware\MethodOverride->call()
#12 C:\wamp64\www\kinguin_Tasks\App\MiddleWare\RequestsPerSecondMiddleWare.php(11): App\MiddleWare\RequestsPerSecondMiddleWare->checkRequestsPerSecond()
#13 C:\wamp64\www\kinguin_Tasks\vendor\yeephp\yeephp\Yee\Yee.php(1278): App\MiddleWare\RequestsPerSecondMiddleWare->call()
#14 C:\wamp64\www\kinguin_Tasks\public\index.php(39): Yee\Yee->execute()
#15 {main}
ERROR - 2017-05-15 08:16:29 - ErrorException: Memcache::connect(): Server 10.10.10.140 (tcp 11211, udp 0) failed with: A connection attempt failed because the connected party did not properly respond after a period of time, or established connection failed because connected host has failed to respond.
 (10060) in C:\wamp64\www\kinguin_Tasks\vendor\yeephp\yeephp\Yee\Libraries\Connectors\MemcachedConnector.php:49
Stack trace:
#0 [internal function]: Yee\Yee::handleErrors(8, 'Memcache::conne...', 'C:\\wamp64\\www\\k...', 49, Array)
#1 C:\wamp64\www\kinguin_Tasks\vendor\yeephp\yeephp\Yee\Libraries\Connectors\MemcachedConnector.php(49): Memcache->connect('10.10.10.140', 11211)
#2 C:\wamp64\www\kinguin_Tasks\vendor\yeephp\yeephp\Yee\Libraries\Connectors\MemcachedConnector.php(103): Yee\Libraries\Connectors\MemcachedConnector->connect()
#3 C:\wamp64\www\kinguin_Tasks\App\Controllers\LoginController\LoginController.php(18): Yee\Libraries\Connectors\MemcachedConnector->set('space', 'spaceeee')
#4 [internal function]: LoginController->indexAction()
#5 C:\wamp64\www\kinguin_Tasks\vendor\yeephp\yeephp\Yee\Managers\Controller\Controller.php(22): call_user_func_array(Array, Array)
#6 [internal function]: Yee\Managers\Controller\Controller::__callStatic('indexAction', Array)
#7 C:\wamp64\www\kinguin_Tasks\vendor\yeephp\yeephp\Yee\Route.php(462): call_user_func_array('LoginController...', Array)
#8 C:\wamp64\www\kinguin_Tasks\vendor\yeephp\yeephp\Yee\Yee.php(1333): Yee\Route->dispatch()
#9 C:\wamp64\www\kinguin_Tasks\vendor\yeephp\yeephp\Yee\Middleware\Flash.php(85): Yee\Yee->call()
#10 C:\wamp64\www\kinguin_Tasks\vendor\yeephp\yeephp\Yee\Middleware\MethodOverride.php(92): Yee\Middleware\Flash->call()
#11 C:\wamp64\www\kinguin_Tasks\App\MiddleWare\RequestsPerSecondMiddleWare.php(95): Yee\Middleware\MethodOverride->call()
#12 C:\wamp64\www\kinguin_Tasks\App\MiddleWare\RequestsPerSecondMiddleWare.php(11): App\MiddleWare\RequestsPerSecondMiddleWare->checkRequestsPerSecond()
#13 C:\wamp64\www\kinguin_Tasks\vendor\yeephp\yeephp\Yee\Yee.php(1278): App\MiddleWare\RequestsPerSecondMiddleWare->call()
#14 C:\wamp64\www\kinguin_Tasks\public\index.php(39): Yee\Yee->execute()
#15 {main}
