ERROR - 2017-05-09 08:29:30 - ErrorException: Undefined variable: m in C:\wamp64\www\kinguin_Tasks\vendor\yeephp\yeephp\Yee\Libraries\Connectors\MemcachedConnector.php:49
Stack trace:
#0 C:\wamp64\www\kinguin_Tasks\vendor\yeephp\yeephp\Yee\Libraries\Connectors\MemcachedConnector.php(49): Yee\Yee::handleErrors(8, 'Undefined varia...', 'C:\\wamp64\\www\\k...', 49, Array)
#1 C:\wamp64\www\kinguin_Tasks\vendor\yeephp\yeephp\Yee\Libraries\Connectors\MemcachedConnector.php(104): Yee\Libraries\Connectors\MemcachedConnector->connect()
#2 C:\wamp64\www\kinguin_Tasks\App\Controllers\LoginController\LoginController.php(18): Yee\Libraries\Connectors\MemcachedConnector->set('space', 'spaceeee')
#3 [internal function]: LoginController->indexAction()
#4 C:\wamp64\www\kinguin_Tasks\vendor\yeephp\yeephp\Yee\Managers\Controller\Controller.php(22): call_user_func_array(Array, Array)
#5 [internal function]: Yee\Managers\Controller\Controller::__callStatic('indexAction', Array)
#6 C:\wamp64\www\kinguin_Tasks\vendor\yeephp\yeephp\Yee\Route.php(462): call_user_func_array('LoginController...', Array)
#7 C:\wamp64\www\kinguin_Tasks\vendor\yeephp\yeephp\Yee\Yee.php(1333): Yee\Route->dispatch()
#8 C:\wamp64\www\kinguin_Tasks\vendor\yeephp\yeephp\Yee\Middleware\Flash.php(85): Yee\Yee->call()
#9 C:\wamp64\www\kinguin_Tasks\vendor\yeephp\yeephp\Yee\Middleware\MethodOverride.php(92): Yee\Middleware\Flash->call()
#10 C:\wamp64\www\kinguin_Tasks\App\MiddleWare\RequestsPerSecondMiddleWare.php(25): Yee\Middleware\MethodOverride->call()
#11 C:\wamp64\www\kinguin_Tasks\App\MiddleWare\RequestsPerSecondMiddleWare.php(10): App\MiddleWare\RequestsPerSecondMiddleWare->checkRequestsPerSecond()
#12 C:\wamp64\www\kinguin_Tasks\vendor\yeephp\yeephp\Yee\Yee.php(1278): App\MiddleWare\RequestsPerSecondMiddleWare->call()
#13 C:\wamp64\www\kinguin_Tasks\public\index.php(39): Yee\Yee->execute()
#14 {main}
ERROR - 2017-05-09 08:39:17 - ErrorException: Undefined variable: memcache in C:\wamp64\www\kinguin_Tasks\vendor\yeephp\yeephp\Yee\Libraries\Connectors\MemcachedConnector.php:49
Stack trace:
#0 C:\wamp64\www\kinguin_Tasks\vendor\yeephp\yeephp\Yee\Libraries\Connectors\MemcachedConnector.php(49): Yee\Yee::handleErrors(8, 'Undefined varia...', 'C:\\wamp64\\www\\k...', 49, Array)
#1 C:\wamp64\www\kinguin_Tasks\vendor\yeephp\yeephp\Yee\Libraries\Connectors\MemcachedConnector.php(112): Yee\Libraries\Connectors\MemcachedConnector->connect()
#2 C:\wamp64\www\kinguin_Tasks\App\Controllers\LoginController\LoginController.php(18): Yee\Libraries\Connectors\MemcachedConnector->set('space', 'spaceeee')
#3 [internal function]: LoginController->indexAction()
#4 C:\wamp64\www\kinguin_Tasks\vendor\yeephp\yeephp\Yee\Managers\Controller\Controller.php(22): call_user_func_array(Array, Array)
#5 [internal function]: Yee\Managers\Controller\Controller::__callStatic('indexAction', Array)
#6 C:\wamp64\www\kinguin_Tasks\vendor\yeephp\yeephp\Yee\Route.php(462): call_user_func_array('LoginController...', Array)
#7 C:\wamp64\www\kinguin_Tasks\vendor\yeephp\yeephp\Yee\Yee.php(1333): Yee\Route->dispatch()
#8 C:\wamp64\www\kinguin_Tasks\vendor\yeephp\yeephp\Yee\Middleware\Flash.php(85): Yee\Yee->call()
#9 C:\wamp64\www\kinguin_Tasks\vendor\yeephp\yeephp\Yee\Middleware\MethodOverride.php(92): Yee\Middleware\Flash->call()
#10 C:\wamp64\www\kinguin_Tasks\App\MiddleWare\RequestsPerSecondMiddleWare.php(25): Yee\Middleware\MethodOverride->call()
#11 C:\wamp64\www\kinguin_Tasks\App\MiddleWare\RequestsPerSecondMiddleWare.php(10): App\MiddleWare\RequestsPerSecondMiddleWare->checkRequestsPerSecond()
#12 C:\wamp64\www\kinguin_Tasks\vendor\yeephp\yeephp\Yee\Yee.php(1278): App\MiddleWare\RequestsPerSecondMiddleWare->call()
#13 C:\wamp64\www\kinguin_Tasks\public\index.php(39): Yee\Yee->execute()
#14 {main}
ERROR - 2017-05-09 08:39:53 - ErrorException: Undefined property: Yee\Libraries\Connectors\MemcachedConnector::$memcache in C:\wamp64\www\kinguin_Tasks\vendor\yeephp\yeephp\Yee\Libraries\Connectors\MemcachedConnector.php:49
Stack trace:
#0 C:\wamp64\www\kinguin_Tasks\vendor\yeephp\yeephp\Yee\Libraries\Connectors\MemcachedConnector.php(49): Yee\Yee::handleErrors(8, 'Undefined prope...', 'C:\\wamp64\\www\\k...', 49, Array)
#1 C:\wamp64\www\kinguin_Tasks\vendor\yeephp\yeephp\Yee\Libraries\Connectors\MemcachedConnector.php(112): Yee\Libraries\Connectors\MemcachedConnector->connect()
#2 C:\wamp64\www\kinguin_Tasks\App\Controllers\LoginController\LoginController.php(18): Yee\Libraries\Connectors\MemcachedConnector->set('space', 'spaceeee')
#3 [internal function]: LoginController->indexAction()
#4 C:\wamp64\www\kinguin_Tasks\vendor\yeephp\yeephp\Yee\Managers\Controller\Controller.php(22): call_user_func_array(Array, Array)
#5 [internal function]: Yee\Managers\Controller\Controller::__callStatic('indexAction', Array)
#6 C:\wamp64\www\kinguin_Tasks\vendor\yeephp\yeephp\Yee\Route.php(462): call_user_func_array('LoginController...', Array)
#7 C:\wamp64\www\kinguin_Tasks\vendor\yeephp\yeephp\Yee\Yee.php(1333): Yee\Route->dispatch()
#8 C:\wamp64\www\kinguin_Tasks\vendor\yeephp\yeephp\Yee\Middleware\Flash.php(85): Yee\Yee->call()
#9 C:\wamp64\www\kinguin_Tasks\vendor\yeephp\yeephp\Yee\Middleware\MethodOverride.php(92): Yee\Middleware\Flash->call()
#10 C:\wamp64\www\kinguin_Tasks\App\MiddleWare\RequestsPerSecondMiddleWare.php(25): Yee\Middleware\MethodOverride->call()
#11 C:\wamp64\www\kinguin_Tasks\App\MiddleWare\RequestsPerSecondMiddleWare.php(10): App\MiddleWare\RequestsPerSecondMiddleWare->checkRequestsPerSecond()
#12 C:\wamp64\www\kinguin_Tasks\vendor\yeephp\yeephp\Yee\Yee.php(1278): App\MiddleWare\RequestsPerSecondMiddleWare->call()
#13 C:\wamp64\www\kinguin_Tasks\public\index.php(39): Yee\Yee->execute()
#14 {main}
ERROR - 2017-05-09 08:39:54 - ErrorException: Undefined property: Yee\Libraries\Connectors\MemcachedConnector::$memcache in C:\wamp64\www\kinguin_Tasks\vendor\yeephp\yeephp\Yee\Libraries\Connectors\MemcachedConnector.php:49
Stack trace:
#0 C:\wamp64\www\kinguin_Tasks\vendor\yeephp\yeephp\Yee\Libraries\Connectors\MemcachedConnector.php(49): Yee\Yee::handleErrors(8, 'Undefined prope...', 'C:\\wamp64\\www\\k...', 49, Array)
#1 C:\wamp64\www\kinguin_Tasks\vendor\yeephp\yeephp\Yee\Libraries\Connectors\MemcachedConnector.php(112): Yee\Libraries\Connectors\MemcachedConnector->connect()
#2 C:\wamp64\www\kinguin_Tasks\App\Controllers\LoginController\LoginController.php(18): Yee\Libraries\Connectors\MemcachedConnector->set('space', 'spaceeee')
#3 [internal function]: LoginController->indexAction()
#4 C:\wamp64\www\kinguin_Tasks\vendor\yeephp\yeephp\Yee\Managers\Controller\Controller.php(22): call_user_func_array(Array, Array)
#5 [internal function]: Yee\Managers\Controller\Controller::__callStatic('indexAction', Array)
#6 C:\wamp64\www\kinguin_Tasks\vendor\yeephp\yeephp\Yee\Route.php(462): call_user_func_array('LoginController...', Array)
#7 C:\wamp64\www\kinguin_Tasks\vendor\yeephp\yeephp\Yee\Yee.php(1333): Yee\Route->dispatch()
#8 C:\wamp64\www\kinguin_Tasks\vendor\yeephp\yeephp\Yee\Middleware\Flash.php(85): Yee\Yee->call()
#9 C:\wamp64\www\kinguin_Tasks\vendor\yeephp\yeephp\Yee\Middleware\MethodOverride.php(92): Yee\Middleware\Flash->call()
#10 C:\wamp64\www\kinguin_Tasks\App\MiddleWare\RequestsPerSecondMiddleWare.php(25): Yee\Middleware\MethodOverride->call()
#11 C:\wamp64\www\kinguin_Tasks\App\MiddleWare\RequestsPerSecondMiddleWare.php(10): App\MiddleWare\RequestsPerSecondMiddleWare->checkRequestsPerSecond()
#12 C:\wamp64\www\kinguin_Tasks\vendor\yeephp\yeephp\Yee\Yee.php(1278): App\MiddleWare\RequestsPerSecondMiddleWare->call()
#13 C:\wamp64\www\kinguin_Tasks\public\index.php(39): Yee\Yee->execute()
#14 {main}
ERROR - 2017-05-09 08:40:36 - ErrorException: Undefined property: Yee\Libraries\Connectors\MemcachedConnector::$memcached in C:\wamp64\www\kinguin_Tasks\vendor\yeephp\yeephp\Yee\Libraries\Connectors\MemcachedConnector.php:49
Stack trace:
#0 C:\wamp64\www\kinguin_Tasks\vendor\yeephp\yeephp\Yee\Libraries\Connectors\MemcachedConnector.php(49): Yee\Yee::handleErrors(8, 'Undefined prope...', 'C:\\wamp64\\www\\k...', 49, Array)
#1 C:\wamp64\www\kinguin_Tasks\vendor\yeephp\yeephp\Yee\Libraries\Connectors\MemcachedConnector.php(112): Yee\Libraries\Connectors\MemcachedConnector->connect()
#2 C:\wamp64\www\kinguin_Tasks\App\Controllers\LoginController\LoginController.php(18): Yee\Libraries\Connectors\MemcachedConnector->set('space', 'spaceeee')
#3 [internal function]: LoginController->indexAction()
#4 C:\wamp64\www\kinguin_Tasks\vendor\yeephp\yeephp\Yee\Managers\Controller\Controller.php(22): call_user_func_array(Array, Array)
#5 [internal function]: Yee\Managers\Controller\Controller::__callStatic('indexAction', Array)
#6 C:\wamp64\www\kinguin_Tasks\vendor\yeephp\yeephp\Yee\Route.php(462): call_user_func_array('LoginController...', Array)
#7 C:\wamp64\www\kinguin_Tasks\vendor\yeephp\yeephp\Yee\Yee.php(1333): Yee\Route->dispatch()
#8 C:\wamp64\www\kinguin_Tasks\vendor\yeephp\yeephp\Yee\Middleware\Flash.php(85): Yee\Yee->call()
#9 C:\wamp64\www\kinguin_Tasks\vendor\yeephp\yeephp\Yee\Middleware\MethodOverride.php(92): Yee\Middleware\Flash->call()
#10 C:\wamp64\www\kinguin_Tasks\App\MiddleWare\RequestsPerSecondMiddleWare.php(25): Yee\Middleware\MethodOverride->call()
#11 C:\wamp64\www\kinguin_Tasks\App\MiddleWare\RequestsPerSecondMiddleWare.php(10): App\MiddleWare\RequestsPerSecondMiddleWare->checkRequestsPerSecond()
#12 C:\wamp64\www\kinguin_Tasks\vendor\yeephp\yeephp\Yee\Yee.php(1278): App\MiddleWare\RequestsPerSecondMiddleWare->call()
#13 C:\wamp64\www\kinguin_Tasks\public\index.php(39): Yee\Yee->execute()
#14 {main}
ERROR - 2017-05-09 08:40:37 - ErrorException: Undefined property: Yee\Libraries\Connectors\MemcachedConnector::$memcached in C:\wamp64\www\kinguin_Tasks\vendor\yeephp\yeephp\Yee\Libraries\Connectors\MemcachedConnector.php:49
Stack trace:
#0 C:\wamp64\www\kinguin_Tasks\vendor\yeephp\yeephp\Yee\Libraries\Connectors\MemcachedConnector.php(49): Yee\Yee::handleErrors(8, 'Undefined prope...', 'C:\\wamp64\\www\\k...', 49, Array)
#1 C:\wamp64\www\kinguin_Tasks\vendor\yeephp\yeephp\Yee\Libraries\Connectors\MemcachedConnector.php(112): Yee\Libraries\Connectors\MemcachedConnector->connect()
#2 C:\wamp64\www\kinguin_Tasks\App\Controllers\LoginController\LoginController.php(18): Yee\Libraries\Connectors\MemcachedConnector->set('space', 'spaceeee')
#3 [internal function]: LoginController->indexAction()
#4 C:\wamp64\www\kinguin_Tasks\vendor\yeephp\yeephp\Yee\Managers\Controller\Controller.php(22): call_user_func_array(Array, Array)
#5 [internal function]: Yee\Managers\Controller\Controller::__callStatic('indexAction', Array)
#6 C:\wamp64\www\kinguin_Tasks\vendor\yeephp\yeephp\Yee\Route.php(462): call_user_func_array('LoginController...', Array)
#7 C:\wamp64\www\kinguin_Tasks\vendor\yeephp\yeephp\Yee\Yee.php(1333): Yee\Route->dispatch()
#8 C:\wamp64\www\kinguin_Tasks\vendor\yeephp\yeephp\Yee\Middleware\Flash.php(85): Yee\Yee->call()
#9 C:\wamp64\www\kinguin_Tasks\vendor\yeephp\yeephp\Yee\Middleware\MethodOverride.php(92): Yee\Middleware\Flash->call()
#10 C:\wamp64\www\kinguin_Tasks\App\MiddleWare\RequestsPerSecondMiddleWare.php(25): Yee\Middleware\MethodOverride->call()
#11 C:\wamp64\www\kinguin_Tasks\App\MiddleWare\RequestsPerSecondMiddleWare.php(10): App\MiddleWare\RequestsPerSecondMiddleWare->checkRequestsPerSecond()
#12 C:\wamp64\www\kinguin_Tasks\vendor\yeephp\yeephp\Yee\Yee.php(1278): App\MiddleWare\RequestsPerSecondMiddleWare->call()
#13 C:\wamp64\www\kinguin_Tasks\public\index.php(39): Yee\Yee->execute()
#14 {main}
ERROR - 2017-05-09 10:24:13 - ErrorException: Use of undefined constant e - assumed 'e' in C:\wamp64\www\kinguin_Tasks\App\Controllers\LoginController\LoginController.php:21
Stack trace:
#0 C:\wamp64\www\kinguin_Tasks\App\Controllers\LoginController\LoginController.php(21): Yee\Yee::handleErrors(8, 'Use of undefine...', 'C:\\wamp64\\www\\k...', 21, Array)
#1 [internal function]: LoginController->indexAction()
#2 C:\wamp64\www\kinguin_Tasks\vendor\yeephp\yeephp\Yee\Managers\Controller\Controller.php(22): call_user_func_array(Array, Array)
#3 [internal function]: Yee\Managers\Controller\Controller::__callStatic('indexAction', Array)
#4 C:\wamp64\www\kinguin_Tasks\vendor\yeephp\yeephp\Yee\Route.php(462): call_user_func_array('LoginController...', Array)
#5 C:\wamp64\www\kinguin_Tasks\vendor\yeephp\yeephp\Yee\Yee.php(1333): Yee\Route->dispatch()
#6 C:\wamp64\www\kinguin_Tasks\vendor\yeephp\yeephp\Yee\Middleware\Flash.php(85): Yee\Yee->call()
#7 C:\wamp64\www\kinguin_Tasks\vendor\yeephp\yeephp\Yee\Middleware\MethodOverride.php(92): Yee\Middleware\Flash->call()
#8 C:\wamp64\www\kinguin_Tasks\App\MiddleWare\RequestsPerSecondMiddleWare.php(27): Yee\Middleware\MethodOverride->call()
#9 C:\wamp64\www\kinguin_Tasks\App\MiddleWare\RequestsPerSecondMiddleWare.php(11): App\MiddleWare\RequestsPerSecondMiddleWare->checkRequestsPerSecond()
#10 C:\wamp64\www\kinguin_Tasks\vendor\yeephp\yeephp\Yee\Yee.php(1278): App\MiddleWare\RequestsPerSecondMiddleWare->call()
#11 C:\wamp64\www\kinguin_Tasks\public\index.php(39): Yee\Yee->execute()
#12 {main}
ERROR - 2017-05-09 10:24:17 - ErrorException: Use of undefined constant e - assumed 'e' in C:\wamp64\www\kinguin_Tasks\App\Controllers\LoginController\LoginController.php:21
Stack trace:
#0 C:\wamp64\www\kinguin_Tasks\App\Controllers\LoginController\LoginController.php(21): Yee\Yee::handleErrors(8, 'Use of undefine...', 'C:\\wamp64\\www\\k...', 21, Array)
#1 [internal function]: LoginController->indexAction()
#2 C:\wamp64\www\kinguin_Tasks\vendor\yeephp\yeephp\Yee\Managers\Controller\Controller.php(22): call_user_func_array(Array, Array)
#3 [internal function]: Yee\Managers\Controller\Controller::__callStatic('indexAction', Array)
#4 C:\wamp64\www\kinguin_Tasks\vendor\yeephp\yeephp\Yee\Route.php(462): call_user_func_array('LoginController...', Array)
#5 C:\wamp64\www\kinguin_Tasks\vendor\yeephp\yeephp\Yee\Yee.php(1333): Yee\Route->dispatch()
#6 C:\wamp64\www\kinguin_Tasks\vendor\yeephp\yeephp\Yee\Middleware\Flash.php(85): Yee\Yee->call()
#7 C:\wamp64\www\kinguin_Tasks\vendor\yeephp\yeephp\Yee\Middleware\MethodOverride.php(92): Yee\Middleware\Flash->call()
#8 C:\wamp64\www\kinguin_Tasks\App\MiddleWare\RequestsPerSecondMiddleWare.php(27): Yee\Middleware\MethodOverride->call()
#9 C:\wamp64\www\kinguin_Tasks\App\MiddleWare\RequestsPerSecondMiddleWare.php(11): App\MiddleWare\RequestsPerSecondMiddleWare->checkRequestsPerSecond()
#10 C:\wamp64\www\kinguin_Tasks\vendor\yeephp\yeephp\Yee\Yee.php(1278): App\MiddleWare\RequestsPerSecondMiddleWare->call()
#11 C:\wamp64\www\kinguin_Tasks\public\index.php(39): Yee\Yee->execute()
#12 {main}
ERROR - 2017-05-09 11:42:28 - ErrorException: mysqli::__construct(): (HY000/1045): Access denied for user 'kinguin_tasks'@'localhost' (using password: YES) in C:\wamp64\www\kinguin_Tasks\vendor\yeephp\yeephp\Yee\Libraries\Database\MysqliDB.php:149
Stack trace:
#0 [internal function]: Yee\Yee::handleErrors(2, 'mysqli::__const...', 'C:\\wamp64\\www\\k...', 149, Array)
#1 C:\wamp64\www\kinguin_Tasks\vendor\yeephp\yeephp\Yee\Libraries\Database\MysqliDB.php(149): mysqli->__construct('localhost', 'kinguin_tasks', 'root', '', 3306)
#2 C:\wamp64\www\kinguin_Tasks\vendor\yeephp\yeephp\Yee\Libraries\Database\MysqliDB.php(398): Yee\Libraries\Database\MysqliDB->connect()
#3 C:\wamp64\www\kinguin_Tasks\App\Models\LoginModel\LoginModel.php(16): Yee\Libraries\Database\MysqliDB->where('login_username', 'TonnyG')
#4 C:\wamp64\www\kinguin_Tasks\App\Controllers\LoginController\LoginController.php(39): App\Models\LoginModel\LoginModel->__construct('TonnyG', 'loginForm')
#5 [internal function]: LoginController->postAction()
#6 C:\wamp64\www\kinguin_Tasks\vendor\yeephp\yeephp\Yee\Managers\Controller\Controller.php(22): call_user_func_array(Array, Array)
#7 [internal function]: Yee\Managers\Controller\Controller::__callStatic('postAction', Array)
#8 C:\wamp64\www\kinguin_Tasks\vendor\yeephp\yeephp\Yee\Route.php(462): call_user_func_array('LoginController...', Array)
#9 C:\wamp64\www\kinguin_Tasks\vendor\yeephp\yeephp\Yee\Yee.php(1333): Yee\Route->dispatch()
#10 C:\wamp64\www\kinguin_Tasks\vendor\yeephp\yeephp\Yee\Middleware\Flash.php(85): Yee\Yee->call()
#11 C:\wamp64\www\kinguin_Tasks\vendor\yeephp\yeephp\Yee\Middleware\MethodOverride.php(92): Yee\Middleware\Flash->call()
#12 C:\wamp64\www\kinguin_Tasks\App\MiddleWare\RequestsPerSecondMiddleWare.php(54): Yee\Middleware\MethodOverride->call()
#13 C:\wamp64\www\kinguin_Tasks\App\MiddleWare\RequestsPerSecondMiddleWare.php(11): App\MiddleWare\RequestsPerSecondMiddleWare->checkRequestsPerSecond()
#14 C:\wamp64\www\kinguin_Tasks\vendor\yeephp\yeephp\Yee\Yee.php(1278): App\MiddleWare\RequestsPerSecondMiddleWare->call()
#15 C:\wamp64\www\kinguin_Tasks\public\index.php(39): Yee\Yee->execute()
#16 {main}
ERROR - 2017-05-09 11:43:57 - ErrorException: mysqli::__construct(): (HY000/1045): Access denied for user 'kinguin_tasks'@'localhost' (using password: YES) in C:\wamp64\www\kinguin_Tasks\vendor\yeephp\yeephp\Yee\Libraries\Database\MysqliDB.php:149
Stack trace:
#0 [internal function]: Yee\Yee::handleErrors(2, 'mysqli::__const...', 'C:\\wamp64\\www\\k...', 149, Array)
#1 C:\wamp64\www\kinguin_Tasks\vendor\yeephp\yeephp\Yee\Libraries\Database\MysqliDB.php(149): mysqli->__construct('localhost', 'kinguin_tasks', 'root', '', 3306)
#2 C:\wamp64\www\kinguin_Tasks\vendor\yeephp\yeephp\Yee\Libraries\Database\MysqliDB.php(398): Yee\Libraries\Database\MysqliDB->connect()
#3 C:\wamp64\www\kinguin_Tasks\App\Models\LoginModel\LoginModel.php(16): Yee\Libraries\Database\MysqliDB->where('login_username', 'TonnyG')
#4 C:\wamp64\www\kinguin_Tasks\App\Controllers\LoginController\LoginController.php(39): App\Models\LoginModel\LoginModel->__construct('TonnyG', 'loginForm')
#5 [internal function]: LoginController->postAction()
#6 C:\wamp64\www\kinguin_Tasks\vendor\yeephp\yeephp\Yee\Managers\Controller\Controller.php(22): call_user_func_array(Array, Array)
#7 [internal function]: Yee\Managers\Controller\Controller::__callStatic('postAction', Array)
#8 C:\wamp64\www\kinguin_Tasks\vendor\yeephp\yeephp\Yee\Route.php(462): call_user_func_array('LoginController...', Array)
#9 C:\wamp64\www\kinguin_Tasks\vendor\yeephp\yeephp\Yee\Yee.php(1333): Yee\Route->dispatch()
#10 C:\wamp64\www\kinguin_Tasks\vendor\yeephp\yeephp\Yee\Middleware\Flash.php(85): Yee\Yee->call()
#11 C:\wamp64\www\kinguin_Tasks\vendor\yeephp\yeephp\Yee\Middleware\MethodOverride.php(92): Yee\Middleware\Flash->call()
#12 C:\wamp64\www\kinguin_Tasks\App\MiddleWare\RequestsPerSecondMiddleWare.php(54): Yee\Middleware\MethodOverride->call()
#13 C:\wamp64\www\kinguin_Tasks\App\MiddleWare\RequestsPerSecondMiddleWare.php(11): App\MiddleWare\RequestsPerSecondMiddleWare->checkRequestsPerSecond()
#14 C:\wamp64\www\kinguin_Tasks\vendor\yeephp\yeephp\Yee\Yee.php(1278): App\MiddleWare\RequestsPerSecondMiddleWare->call()
#15 C:\wamp64\www\kinguin_Tasks\public\index.php(39): Yee\Yee->execute()
#16 {main}
ERROR - 2017-05-09 11:44:02 - ErrorException: mysqli::__construct(): (HY000/1045): Access denied for user 'kinguin_tasks'@'localhost' (using password: YES) in C:\wamp64\www\kinguin_Tasks\vendor\yeephp\yeephp\Yee\Libraries\Database\MysqliDB.php:149
Stack trace:
#0 [internal function]: Yee\Yee::handleErrors(2, 'mysqli::__const...', 'C:\\wamp64\\www\\k...', 149, Array)
#1 C:\wamp64\www\kinguin_Tasks\vendor\yeephp\yeephp\Yee\Libraries\Database\MysqliDB.php(149): mysqli->__construct('localhost', 'kinguin_tasks', 'root', '', 3306)
#2 C:\wamp64\www\kinguin_Tasks\vendor\yeephp\yeephp\Yee\Libraries\Database\MysqliDB.php(398): Yee\Libraries\Database\MysqliDB->connect()
#3 C:\wamp64\www\kinguin_Tasks\App\Models\LoginModel\LoginModel.php(16): Yee\Libraries\Database\MysqliDB->where('login_username', 'TonnyG')
#4 C:\wamp64\www\kinguin_Tasks\App\Controllers\LoginController\LoginController.php(39): App\Models\LoginModel\LoginModel->__construct('TonnyG', 'loginForm')
#5 [internal function]: LoginController->postAction()
#6 C:\wamp64\www\kinguin_Tasks\vendor\yeephp\yeephp\Yee\Managers\Controller\Controller.php(22): call_user_func_array(Array, Array)
#7 [internal function]: Yee\Managers\Controller\Controller::__callStatic('postAction', Array)
#8 C:\wamp64\www\kinguin_Tasks\vendor\yeephp\yeephp\Yee\Route.php(462): call_user_func_array('LoginController...', Array)
#9 C:\wamp64\www\kinguin_Tasks\vendor\yeephp\yeephp\Yee\Yee.php(1333): Yee\Route->dispatch()
#10 C:\wamp64\www\kinguin_Tasks\vendor\yeephp\yeephp\Yee\Middleware\Flash.php(85): Yee\Yee->call()
#11 C:\wamp64\www\kinguin_Tasks\vendor\yeephp\yeephp\Yee\Middleware\MethodOverride.php(92): Yee\Middleware\Flash->call()
#12 C:\wamp64\www\kinguin_Tasks\App\MiddleWare\RequestsPerSecondMiddleWare.php(54): Yee\Middleware\MethodOverride->call()
#13 C:\wamp64\www\kinguin_Tasks\App\MiddleWare\RequestsPerSecondMiddleWare.php(11): App\MiddleWare\RequestsPerSecondMiddleWare->checkRequestsPerSecond()
#14 C:\wamp64\www\kinguin_Tasks\vendor\yeephp\yeephp\Yee\Yee.php(1278): App\MiddleWare\RequestsPerSecondMiddleWare->call()
#15 C:\wamp64\www\kinguin_Tasks\public\index.php(39): Yee\Yee->execute()
#16 {main}
ERROR - 2017-05-09 11:45:02 - ErrorException: mysqli::__construct(): (HY000/1045): Access denied for user 'kinguin_tasks'@'localhost' (using password: YES) in C:\wamp64\www\kinguin_Tasks\vendor\yeephp\yeephp\Yee\Libraries\Database\MysqliDB.php:149
Stack trace:
#0 [internal function]: Yee\Yee::handleErrors(2, 'mysqli::__const...', 'C:\\wamp64\\www\\k...', 149, Array)
#1 C:\wamp64\www\kinguin_Tasks\vendor\yeephp\yeephp\Yee\Libraries\Database\MysqliDB.php(149): mysqli->__construct('localhost', 'kinguin_tasks', 'root', '', 3306)
#2 C:\wamp64\www\kinguin_Tasks\vendor\yeephp\yeephp\Yee\Libraries\Database\MysqliDB.php(398): Yee\Libraries\Database\MysqliDB->connect()
#3 C:\wamp64\www\kinguin_Tasks\App\Models\LoginModel\LoginModel.php(16): Yee\Libraries\Database\MysqliDB->where('login_username', 'qwe')
#4 C:\wamp64\www\kinguin_Tasks\App\Controllers\LoginController\LoginController.php(39): App\Models\LoginModel\LoginModel->__construct('qwe', 'loginForm')
#5 [internal function]: LoginController->postAction()
#6 C:\wamp64\www\kinguin_Tasks\vendor\yeephp\yeephp\Yee\Managers\Controller\Controller.php(22): call_user_func_array(Array, Array)
#7 [internal function]: Yee\Managers\Controller\Controller::__callStatic('postAction', Array)
#8 C:\wamp64\www\kinguin_Tasks\vendor\yeephp\yeephp\Yee\Route.php(462): call_user_func_array('LoginController...', Array)
#9 C:\wamp64\www\kinguin_Tasks\vendor\yeephp\yeephp\Yee\Yee.php(1333): Yee\Route->dispatch()
#10 C:\wamp64\www\kinguin_Tasks\vendor\yeephp\yeephp\Yee\Middleware\Flash.php(85): Yee\Yee->call()
#11 C:\wamp64\www\kinguin_Tasks\vendor\yeephp\yeephp\Yee\Middleware\MethodOverride.php(92): Yee\Middleware\Flash->call()
#12 C:\wamp64\www\kinguin_Tasks\App\MiddleWare\RequestsPerSecondMiddleWare.php(54): Yee\Middleware\MethodOverride->call()
#13 C:\wamp64\www\kinguin_Tasks\App\MiddleWare\RequestsPerSecondMiddleWare.php(11): App\MiddleWare\RequestsPerSecondMiddleWare->checkRequestsPerSecond()
#14 C:\wamp64\www\kinguin_Tasks\vendor\yeephp\yeephp\Yee\Yee.php(1278): App\MiddleWare\RequestsPerSecondMiddleWare->call()
#15 C:\wamp64\www\kinguin_Tasks\public\index.php(39): Yee\Yee->execute()
#16 {main}
ERROR - 2017-05-09 11:45:34 - ErrorException: mysqli::__construct(): (HY000/1045): Access denied for user 'kinguin_tasks'@'localhost' (using password: YES) in C:\wamp64\www\kinguin_Tasks\vendor\yeephp\yeephp\Yee\Libraries\Database\MysqliDB.php:149
Stack trace:
#0 [internal function]: Yee\Yee::handleErrors(2, 'mysqli::__const...', 'C:\\wamp64\\www\\k...', 149, Array)
#1 C:\wamp64\www\kinguin_Tasks\vendor\yeephp\yeephp\Yee\Libraries\Database\MysqliDB.php(149): mysqli->__construct('localhost', 'kinguin_tasks', 'root', '', 3306)
#2 C:\wamp64\www\kinguin_Tasks\vendor\yeephp\yeephp\Yee\Libraries\Database\MysqliDB.php(398): Yee\Libraries\Database\MysqliDB->connect()
#3 C:\wamp64\www\kinguin_Tasks\App\Models\LoginModel\LoginModel.php(16): Yee\Libraries\Database\MysqliDB->where('login_username', 'TonnyG')
#4 C:\wamp64\www\kinguin_Tasks\App\Controllers\LoginController\LoginController.php(39): App\Models\LoginModel\LoginModel->__construct('TonnyG', 'loginForm')
#5 [internal function]: LoginController->postAction()
#6 C:\wamp64\www\kinguin_Tasks\vendor\yeephp\yeephp\Yee\Managers\Controller\Controller.php(22): call_user_func_array(Array, Array)
#7 [internal function]: Yee\Managers\Controller\Controller::__callStatic('postAction', Array)
#8 C:\wamp64\www\kinguin_Tasks\vendor\yeephp\yeephp\Yee\Route.php(462): call_user_func_array('LoginController...', Array)
#9 C:\wamp64\www\kinguin_Tasks\vendor\yeephp\yeephp\Yee\Yee.php(1333): Yee\Route->dispatch()
#10 C:\wamp64\www\kinguin_Tasks\vendor\yeephp\yeephp\Yee\Middleware\Flash.php(85): Yee\Yee->call()
#11 C:\wamp64\www\kinguin_Tasks\vendor\yeephp\yeephp\Yee\Middleware\MethodOverride.php(92): Yee\Middleware\Flash->call()
#12 C:\wamp64\www\kinguin_Tasks\App\MiddleWare\RequestsPerSecondMiddleWare.php(54): Yee\Middleware\MethodOverride->call()
#13 C:\wamp64\www\kinguin_Tasks\App\MiddleWare\RequestsPerSecondMiddleWare.php(11): App\MiddleWare\RequestsPerSecondMiddleWare->checkRequestsPerSecond()
#14 C:\wamp64\www\kinguin_Tasks\vendor\yeephp\yeephp\Yee\Yee.php(1278): App\MiddleWare\RequestsPerSecondMiddleWare->call()
#15 C:\wamp64\www\kinguin_Tasks\public\index.php(39): Yee\Yee->execute()
#16 {main}
ERROR - 2017-05-09 11:50:13 - ErrorException: mysqli::__construct(): (HY000/1045): Access denied for user 'kinguin_tasks'@'localhost' (using password: YES) in C:\wamp64\www\kinguin_Tasks\vendor\yeephp\yeephp\Yee\Libraries\Database\MysqliDB.php:149
Stack trace:
#0 [internal function]: Yee\Yee::handleErrors(2, 'mysqli::__const...', 'C:\\wamp64\\www\\k...', 149, Array)
#1 C:\wamp64\www\kinguin_Tasks\vendor\yeephp\yeephp\Yee\Libraries\Database\MysqliDB.php(149): mysqli->__construct('localhost', 'kinguin_tasks', 'root', '', 3306)
#2 C:\wamp64\www\kinguin_Tasks\vendor\yeephp\yeephp\Yee\Libraries\Database\MysqliDB.php(398): Yee\Libraries\Database\MysqliDB->connect()
#3 C:\wamp64\www\kinguin_Tasks\App\Models\LoginModel\LoginModel.php(16): Yee\Libraries\Database\MysqliDB->where('login_username', 'TonnyG')
#4 C:\wamp64\www\kinguin_Tasks\App\Controllers\LoginController\LoginController.php(39): App\Models\LoginModel\LoginModel->__construct('TonnyG', 'loginForm')
#5 [internal function]: LoginController->postAction()
#6 C:\wamp64\www\kinguin_Tasks\vendor\yeephp\yeephp\Yee\Managers\Controller\Controller.php(22): call_user_func_array(Array, Array)
#7 [internal function]: Yee\Managers\Controller\Controller::__callStatic('postAction', Array)
#8 C:\wamp64\www\kinguin_Tasks\vendor\yeephp\yeephp\Yee\Route.php(462): call_user_func_array('LoginController...', Array)
#9 C:\wamp64\www\kinguin_Tasks\vendor\yeephp\yeephp\Yee\Yee.php(1333): Yee\Route->dispatch()
#10 C:\wamp64\www\kinguin_Tasks\vendor\yeephp\yeephp\Yee\Middleware\Flash.php(85): Yee\Yee->call()
#11 C:\wamp64\www\kinguin_Tasks\vendor\yeephp\yeephp\Yee\Middleware\MethodOverride.php(92): Yee\Middleware\Flash->call()
#12 C:\wamp64\www\kinguin_Tasks\App\MiddleWare\RequestsPerSecondMiddleWare.php(54): Yee\Middleware\MethodOverride->call()
#13 C:\wamp64\www\kinguin_Tasks\App\MiddleWare\RequestsPerSecondMiddleWare.php(11): App\MiddleWare\RequestsPerSecondMiddleWare->checkRequestsPerSecond()
#14 C:\wamp64\www\kinguin_Tasks\vendor\yeephp\yeephp\Yee\Yee.php(1278): App\MiddleWare\RequestsPerSecondMiddleWare->call()
#15 C:\wamp64\www\kinguin_Tasks\public\index.php(39): Yee\Yee->execute()
#16 {main}
ERROR - 2017-05-09 11:56:36 - ErrorException: Undefined index: db1 in C:\wamp64\www\kinguin_Tasks\App\Models\LoginModel\LoginModel.php:57
Stack trace:
#0 C:\wamp64\www\kinguin_Tasks\App\Models\LoginModel\LoginModel.php(57): Yee\Yee::handleErrors(8, 'Undefined index...', 'C:\\wamp64\\www\\k...', 57, Array)
#1 C:\wamp64\www\kinguin_Tasks\App\Controllers\LoginController\LoginController.php(49): App\Models\LoginModel\LoginModel->checkUserExist()
#2 [internal function]: LoginController->postAction()
#3 C:\wamp64\www\kinguin_Tasks\vendor\yeephp\yeephp\Yee\Managers\Controller\Controller.php(22): call_user_func_array(Array, Array)
#4 [internal function]: Yee\Managers\Controller\Controller::__callStatic('postAction', Array)
#5 C:\wamp64\www\kinguin_Tasks\vendor\yeephp\yeephp\Yee\Route.php(462): call_user_func_array('LoginController...', Array)
#6 C:\wamp64\www\kinguin_Tasks\vendor\yeephp\yeephp\Yee\Yee.php(1333): Yee\Route->dispatch()
#7 C:\wamp64\www\kinguin_Tasks\vendor\yeephp\yeephp\Yee\Middleware\Flash.php(85): Yee\Yee->call()
#8 C:\wamp64\www\kinguin_Tasks\vendor\yeephp\yeephp\Yee\Middleware\MethodOverride.php(92): Yee\Middleware\Flash->call()
#9 C:\wamp64\www\kinguin_Tasks\App\MiddleWare\RequestsPerSecondMiddleWare.php(59): Yee\Middleware\MethodOverride->call()
#10 C:\wamp64\www\kinguin_Tasks\App\MiddleWare\RequestsPerSecondMiddleWare.php(11): App\MiddleWare\RequestsPerSecondMiddleWare->checkRequestsPerSecond()
#11 C:\wamp64\www\kinguin_Tasks\vendor\yeephp\yeephp\Yee\Yee.php(1278): App\MiddleWare\RequestsPerSecondMiddleWare->call()
#12 C:\wamp64\www\kinguin_Tasks\public\index.php(39): Yee\Yee->execute()
#13 {main}
ERROR - 2017-05-09 11:57:49 - ErrorException: Undefined index: db1 in C:\wamp64\www\kinguin_Tasks\App\Models\LoginModel\LoginModel.php:57
Stack trace:
#0 C:\wamp64\www\kinguin_Tasks\App\Models\LoginModel\LoginModel.php(57): Yee\Yee::handleErrors(8, 'Undefined index...', 'C:\\wamp64\\www\\k...', 57, Array)
#1 C:\wamp64\www\kinguin_Tasks\App\Controllers\LoginController\LoginController.php(49): App\Models\LoginModel\LoginModel->checkUserExist()
#2 [internal function]: LoginController->postAction()
#3 C:\wamp64\www\kinguin_Tasks\vendor\yeephp\yeephp\Yee\Managers\Controller\Controller.php(22): call_user_func_array(Array, Array)
#4 [internal function]: Yee\Managers\Controller\Controller::__callStatic('postAction', Array)
#5 C:\wamp64\www\kinguin_Tasks\vendor\yeephp\yeephp\Yee\Route.php(462): call_user_func_array('LoginController...', Array)
#6 C:\wamp64\www\kinguin_Tasks\vendor\yeephp\yeephp\Yee\Yee.php(1333): Yee\Route->dispatch()
#7 C:\wamp64\www\kinguin_Tasks\vendor\yeephp\yeephp\Yee\Middleware\Flash.php(85): Yee\Yee->call()
#8 C:\wamp64\www\kinguin_Tasks\vendor\yeephp\yeephp\Yee\Middleware\MethodOverride.php(92): Yee\Middleware\Flash->call()
#9 C:\wamp64\www\kinguin_Tasks\App\MiddleWare\RequestsPerSecondMiddleWare.php(59): Yee\Middleware\MethodOverride->call()
#10 C:\wamp64\www\kinguin_Tasks\App\MiddleWare\RequestsPerSecondMiddleWare.php(11): App\MiddleWare\RequestsPerSecondMiddleWare->checkRequestsPerSecond()
#11 C:\wamp64\www\kinguin_Tasks\vendor\yeephp\yeephp\Yee\Yee.php(1278): App\MiddleWare\RequestsPerSecondMiddleWare->call()
#12 C:\wamp64\www\kinguin_Tasks\public\index.php(39): Yee\Yee->execute()
#13 {main}
